\BOOKMARK [0][-]{chapter.1}{\376\377\000I\000n\000t\000r\000o\000d\000u\000c\000t\000i\000o\000n}{}% 1
\BOOKMARK [0][-]{chapter.2}{\376\377\000L\000i\000n\000u\000x}{}% 2
\BOOKMARK [1][-]{section.2.1}{\376\377\000S\000y\000s\000t\000e\000m\000\040\000R\000e\000l\000a\000t\000e\000d\000\040\000C\000o\000m\000m\000a\000n\000d\000s}{chapter.2}% 3
\BOOKMARK [1][-]{section.2.2}{\376\377\000F\000i\000l\000e\000s\000\040\000a\000n\000d\000\040\000S\000t\000o\000r\000a\000g\000e}{chapter.2}% 4
\BOOKMARK [1][-]{section.2.3}{\376\377\000U\000s\000e\000r\000s\000\040\000a\000n\000d\000\040\000G\000r\000o\000u\000p\000s}{chapter.2}% 5
\BOOKMARK [1][-]{section.2.4}{\376\377\000N\000e\000t\000w\000o\000r\000k\000i\000n\000g}{chapter.2}% 6
\BOOKMARK [1][-]{section.2.5}{\376\377\000S\000h\000e\000l\000l\000\040\000S\000c\000r\000i\000p\000t\000i\000n\000g}{chapter.2}% 7
\BOOKMARK [2][-]{subsection.2.5.1}{\376\377\000R\000e\000d\000i\000r\000e\000c\000t\000i\000n\000g\000\040\000p\000r\000o\000g\000r\000a\000m\000\040\000o\000u\000t\000p\000u\000t}{section.2.5}% 8
\BOOKMARK [1][-]{section.2.6}{\376\377\000O\000t\000h\000e\000r}{chapter.2}% 9
\BOOKMARK [2][-]{subsection.2.6.1}{\376\377\000e\000m\000a\000c\000s}{section.2.6}% 10
\BOOKMARK [0][-]{chapter.3}{\376\377\000W\000i\000n\000d\000o\000w\000s}{}% 11
\BOOKMARK [0][-]{chapter.4}{\376\377\000M\000a\000c}{}% 12
\BOOKMARK [0][-]{chapter.5}{\376\377\000C\000/\000C\000+\000+}{}% 13
\BOOKMARK [1][-]{section.5.1}{\376\377\000D\000a\000t\000a\000\040\000T\000y\000p\000e\000s}{chapter.5}% 14
\BOOKMARK [1][-]{section.5.2}{\376\377\000B\000a\000s\000i\000c\000s\000\040\000o\000f\000\040\000t\000h\000e\000\040\000L\000a\000n\000g\000u\000a\000g\000e}{chapter.5}% 15
\BOOKMARK [1][-]{section.5.3}{\376\377\000B\000a\000s\000i\000c\000\040\000I\000n\000p\000u\000t\000\040\000a\000n\000d\000\040\000O\000u\000t\000p\000u\000t}{chapter.5}% 16
\BOOKMARK [1][-]{section.5.4}{\376\377\000V\000a\000r\000i\000a\000b\000l\000e\000\040\000T\000y\000p\000e\000s}{chapter.5}% 17
\BOOKMARK [1][-]{section.5.5}{\376\377\000C\000l\000a\000s\000s\000\040\000S\000t\000r\000u\000c\000t\000u\000r\000e\000s}{chapter.5}% 18
\BOOKMARK [2][-]{subsection.5.5.1}{\376\377\000C\000o\000n\000v\000e\000r\000t\000i\000n\000g\000\040\000B\000e\000t\000w\000e\000e\000n\000\040\000T\000y\000p\000e\000s}{section.5.5}% 19
\BOOKMARK [1][-]{section.5.6}{\376\377\000M\000a\000t\000h\000e\000m\000a\000t\000i\000c\000a\000l\000\040\000C\000o\000m\000m\000a\000n\000d\000s}{chapter.5}% 20
\BOOKMARK [1][-]{section.5.7}{\376\377\000S\000y\000s\000t\000e\000m\000\040\000C\000o\000m\000m\000a\000n\000d\000s}{chapter.5}% 21
\BOOKMARK [2][-]{subsection.5.7.1}{\376\377\000S\000i\000m\000u\000l\000a\000t\000e\000\040\000K\000e\000y\000\040\000S\000t\000r\000o\000k\000e\000s\000\040\000\050\000W\000i\000n\000d\000o\000w\000s\000\040\000O\000n\000l\000y\000\051}{section.5.7}% 22
\BOOKMARK [1][-]{section.5.8}{\376\377\000C\000o\000m\000p\000i\000l\000e\000r\000/\000P\000r\000o\000c\000e\000s\000s\000o\000r\000\040\000s\000p\000e\000c\000i\000f\000i\000c}{chapter.5}% 23
\BOOKMARK [0][-]{chapter.6}{\376\377\000M\000a\000k\000e\000/\000C\000M\000a\000k\000e}{}% 24
\BOOKMARK [1][-]{section.6.1}{\376\377\000C\000M\000a\000k\000e}{chapter.6}% 25
\BOOKMARK [0][-]{chapter.7}{\376\377\000G\000i\000t}{}% 26
\BOOKMARK [1][-]{subsection.7.0.1}{\376\377\000A\000d\000v\000a\000n\000c\000e\000d\000\040\000G\000i\000t}{chapter.7}% 27
\BOOKMARK [0][-]{chapter.8}{\376\377\000G\000i\000t}{}% 28
\BOOKMARK [0][-]{chapter.9}{\376\377\000C\000\043}{}% 29
\BOOKMARK [1][-]{section.9.1}{\376\377\000U\000s\000e\000f\000u\000l\000\040\000A\000p\000p\000l\000i\000c\000a\000t\000i\000o\000n\000\040\000F\000u\000n\000c\000t\000i\000o\000n\000s}{chapter.9}% 30
\BOOKMARK [1][-]{section.9.2}{\376\377\000G\000e\000t\000t\000i\000n\000g\000\040\000W\000i\000n\000d\000o\000w\000s\000\040\000S\000y\000s\000t\000e\000m\000\040\000I\000n\000f\000o\000r\000m\000a\000t\000i\000o\000n}{chapter.9}% 31
\BOOKMARK [0][-]{chapter.10}{\376\377\000P\000y\000t\000h\000o\000n}{}% 32
\BOOKMARK [1][-]{section.10.1}{\376\377\000I\000m\000p\000o\000r\000t\000s\000\040\000a\000n\000d\000\040\000l\000i\000b\000r\000a\000r\000i\000e\000s}{chapter.10}% 33
\BOOKMARK [1][-]{section.10.2}{\376\377\000B\000a\000s\000i\000c\000s\000\040\000o\000f\000\040\000P\000y\000t\000h\000o\000n}{chapter.10}% 34
\BOOKMARK [1][-]{section.10.3}{\376\377\000P\000r\000o\000g\000r\000a\000m\000\040\000p\000a\000r\000a\000m\000e\000t\000e\000r\000s}{chapter.10}% 35
\BOOKMARK [1][-]{section.10.4}{\376\377\000M\000e\000t\000h\000o\000d\000s\000\040\000a\000n\000d\000\040\000F\000u\000n\000c\000t\000i\000o\000n\000s}{chapter.10}% 36
\BOOKMARK [1][-]{section.10.5}{\376\377\000S\000t\000r\000i\000n\000g\000\040\000m\000a\000n\000i\000p\000u\000l\000a\000t\000i\000o\000n}{chapter.10}% 37
\BOOKMARK [1][-]{section.10.6}{\376\377\000A\000r\000r\000a\000y\000s\000\040\000a\000n\000d\000\040\000l\000i\000s\000t\000s}{chapter.10}% 38
\BOOKMARK [1][-]{section.10.7}{\376\377\000P\000l\000o\000t\000t\000i\000n\000g\000\040\000a\000n\000d\000\040\000G\000r\000a\000p\000h\000s}{chapter.10}% 39
\BOOKMARK [0][-]{chapter.11}{\376\377\000R\000e\000s\000o\000u\000r\000c\000e\000s}{}% 40
\BOOKMARK [0][-]{chapter*.2}{\376\377\000R\000e\000f\000e\000r\000e\000n\000c\000e\000s}{}% 41
